TN:
SF:server.js
FN:47,(anonymous_0)
FN:52,(anonymous_1)
FN:61,(anonymous_2)
FN:66,startServer
FN:73,(anonymous_4)
FNF:5
FNH:0
FNDA:0,(anonymous_0)
FNDA:0,(anonymous_1)
FNDA:0,(anonymous_2)
FNDA:0,startServer
FNDA:0,(anonymous_4)
DA:1,2
DA:2,2
DA:3,2
DA:4,2
DA:5,2
DA:8,2
DA:9,2
DA:10,2
DA:13,2
DA:15,2
DA:16,2
DA:19,2
DA:22,2
DA:26,2
DA:29,2
DA:35,2
DA:36,2
DA:39,2
DA:42,2
DA:43,2
DA:44,2
DA:47,2
DA:48,0
DA:52,2
DA:53,0
DA:54,0
DA:61,2
DA:62,0
DA:67,0
DA:68,0
DA:69,0
DA:72,0
DA:73,0
DA:74,0
DA:75,0
DA:79,0
DA:80,0
DA:85,2
DA:86,0
DA:89,2
LF:40
LH:26
BRDA:16,0,0,2
BRDA:16,0,1,2
BRDA:30,1,0,2
BRDA:30,1,1,2
BRDA:56,2,0,0
BRDA:56,2,1,0
BRDA:72,3,0,0
BRDA:72,3,1,0
BRDA:85,4,0,0
BRDA:85,4,1,2
BRF:10
BRH:5
end_of_record
TN:
SF:config/database.js
FN:10,(anonymous_0)
FN:19,initDatabase
FN:20,(anonymous_2)
FN:21,(anonymous_3)
FN:69,(anonymous_4)
FN:83,runQuery
FN:84,(anonymous_6)
FN:85,(anonymous_7)
FN:96,getRow
FN:97,(anonymous_9)
FN:98,(anonymous_10)
FN:109,getAll
FN:110,(anonymous_12)
FN:111,(anonymous_13)
FNF:14
FNH:14
FNDA:2,(anonymous_0)
FNDA:2,initDatabase
FNDA:2,(anonymous_2)
FNDA:2,(anonymous_3)
FNDA:2,(anonymous_4)
FNDA:13,runQuery
FNDA:13,(anonymous_6)
FNDA:13,(anonymous_7)
FNDA:16,getRow
FNDA:16,(anonymous_9)
FNDA:16,(anonymous_10)
FNDA:3,getAll
FNDA:3,(anonymous_12)
FNDA:3,(anonymous_13)
DA:1,2
DA:2,2
DA:5,2
DA:10,2
DA:11,2
DA:12,0
DA:14,2
DA:20,2
DA:21,2
DA:23,2
DA:36,2
DA:55,2
DA:70,2
DA:71,0
DA:72,0
DA:74,2
DA:75,2
DA:84,13
DA:85,13
DA:86,13
DA:87,0
DA:89,13
DA:97,16
DA:98,16
DA:99,16
DA:100,0
DA:102,16
DA:110,3
DA:111,3
DA:112,3
DA:113,0
DA:115,3
DA:121,2
LF:33
LH:27
BRDA:5,0,0,2
BRDA:5,0,1,0
BRDA:11,1,0,0
BRDA:11,1,1,2
BRDA:70,2,0,0
BRDA:70,2,1,2
BRDA:83,3,0,8
BRDA:86,4,0,0
BRDA:86,4,1,13
BRDA:96,5,0,0
BRDA:99,6,0,0
BRDA:99,6,1,16
BRDA:109,7,0,0
BRDA:112,8,0,0
BRDA:112,8,1,3
BRF:15
BRH:7
end_of_record
TN:
SF:middleware/auth.js
FN:7,(anonymous_0)
FN:33,(anonymous_1)
FN:41,(anonymous_2)
FNF:3
FNH:2
FNDA:12,(anonymous_0)
FNDA:0,(anonymous_1)
FNDA:5,(anonymous_2)
DA:1,2
DA:2,2
DA:4,2
DA:7,2
DA:8,12
DA:9,12
DA:11,12
DA:12,1
DA:15,11
DA:16,11
DA:19,1
DA:21,1
DA:22,0
DA:25,1
DA:26,1
DA:28,10
DA:33,2
DA:34,0
DA:35,0
DA:37,0
DA:41,2
DA:42,5
DA:43,5
DA:45,5
DA:46,0
DA:47,0
DA:48,0
DA:50,0
DA:51,0
DA:55,0
DA:59,5
DA:62,2
LF:32
LH:22
BRDA:4,0,0,2
BRDA:4,0,1,2
BRDA:9,1,0,12
BRDA:9,1,1,11
BRDA:11,2,0,1
BRDA:11,2,1,11
BRDA:21,3,0,0
BRDA:21,3,1,1
BRDA:34,4,0,0
BRDA:34,4,1,0
BRDA:43,5,0,5
BRDA:43,5,1,0
BRDA:45,6,0,0
BRDA:45,6,1,5
BRDA:50,7,0,0
BRDA:50,7,1,0
BRF:16
BRH:9
end_of_record
TN:
SF:routes/applications.js
FN:20,(anonymous_0)
FN:91,(anonymous_1)
FN:127,(anonymous_2)
FN:197,(anonymous_3)
FN:248,(anonymous_4)
FN:278,(anonymous_5)
FNF:6
FNH:0
FNDA:0,(anonymous_0)
FNDA:0,(anonymous_1)
FNDA:0,(anonymous_2)
FNDA:0,(anonymous_3)
FNDA:0,(anonymous_4)
FNDA:0,(anonymous_5)
DA:1,2
DA:2,2
DA:3,2
DA:4,2
DA:6,2
DA:9,2
DA:15,2
DA:21,0
DA:22,0
DA:23,0
DA:24,0
DA:27,0
DA:28,0
DA:31,0
DA:32,0
DA:34,0
DA:35,0
DA:36,0
DA:39,0
DA:40,0
DA:41,0
DA:45,0
DA:46,0
DA:47,0
DA:50,0
DA:53,0
DA:59,0
DA:74,0
DA:85,0
DA:86,0
DA:91,2
DA:92,0
DA:93,0
DA:95,0
DA:109,0
DA:110,0
DA:114,0
DA:115,0
DA:118,0
DA:121,0
DA:122,0
DA:127,2
DA:128,0
DA:129,0
DA:130,0
DA:131,0
DA:134,0
DA:137,0
DA:138,0
DA:142,0
DA:147,0
DA:148,0
DA:151,0
DA:152,0
DA:156,0
DA:161,0
DA:162,0
DA:166,0
DA:171,0
DA:183,0
DA:189,0
DA:190,0
DA:195,2
DA:198,0
DA:199,0
DA:200,0
DA:201,0
DA:204,0
DA:205,0
DA:208,0
DA:213,0
DA:214,0
DA:218,0
DA:223,0
DA:236,0
DA:242,0
DA:243,0
DA:248,2
DA:249,0
DA:250,0
DA:253,0
DA:258,0
DA:259,0
DA:263,0
DA:264,0
DA:267,0
DA:269,0
DA:272,0
DA:273,0
DA:278,2
DA:279,0
DA:280,0
DA:283,0
DA:284,0
DA:285,0
DA:288,0
DA:299,0
DA:305,0
DA:306,0
DA:310,2
LF:100
LH:13
BRDA:23,0,0,0
BRDA:23,0,1,0
BRDA:27,1,0,0
BRDA:27,2,0,0
BRDA:34,3,0,0
BRDA:34,3,1,0
BRDA:39,4,0,0
BRDA:39,4,1,0
BRDA:45,5,0,0
BRDA:45,5,1,0
BRDA:50,6,0,0
BRDA:50,6,1,0
BRDA:109,7,0,0
BRDA:109,7,1,0
BRDA:114,8,0,0
BRDA:114,8,1,0
BRDA:114,9,0,0
BRDA:114,9,1,0
BRDA:130,10,0,0
BRDA:130,10,1,0
BRDA:137,11,0,0
BRDA:137,11,1,0
BRDA:137,12,0,0
BRDA:137,12,1,0
BRDA:147,13,0,0
BRDA:147,13,1,0
BRDA:151,14,0,0
BRDA:151,14,1,0
BRDA:161,15,0,0
BRDA:161,15,1,0
BRDA:200,16,0,0
BRDA:200,16,1,0
BRDA:213,17,0,0
BRDA:213,17,1,0
BRDA:258,18,0,0
BRDA:258,18,1,0
BRDA:263,19,0,0
BRDA:263,19,1,0
BRDA:263,20,0,0
BRDA:263,20,1,0
BRDA:284,21,0,0
BRDA:284,21,1,0
BRF:42
BRH:0
end_of_record
TN:
SF:routes/auth.js
FN:24,(anonymous_0)
FN:75,(anonymous_1)
FN:120,(anonymous_2)
FN:138,(anonymous_3)
FNF:4
FNH:3
FNDA:5,(anonymous_0)
FNDA:4,(anonymous_1)
FNDA:1,(anonymous_2)
FNDA:0,(anonymous_3)
DA:1,2
DA:2,2
DA:3,2
DA:4,2
DA:5,2
DA:6,2
DA:8,2
DA:11,2
DA:18,2
DA:24,2
DA:25,5
DA:27,5
DA:28,5
DA:29,1
DA:32,4
DA:35,4
DA:36,4
DA:37,3
DA:41,1
DA:44,1
DA:50,1
DA:56,1
DA:62,1
DA:69,0
DA:70,0
DA:75,2
DA:76,4
DA:78,4
DA:79,4
DA:80,0
DA:83,4
DA:86,4
DA:87,4
DA:88,1
DA:92,3
DA:93,3
DA:94,1
DA:98,2
DA:105,2
DA:107,2
DA:114,0
DA:115,0
DA:120,2
DA:121,1
DA:122,1
DA:127,1
DA:129,0
DA:130,0
DA:135,2
DA:139,0
DA:140,0
DA:141,0
DA:142,0
DA:145,0
DA:146,0
DA:147,0
DA:149,0
DA:150,0
DA:151,0
DA:154,0
DA:156,0
DA:160,0
DA:161,0
DA:163,0
DA:164,0
DA:167,0
DA:168,0
DA:171,0
DA:172,0
DA:174,0
DA:180,0
DA:185,0
DA:191,0
DA:192,0
DA:196,2
LF:75
LH:43
BRDA:28,0,0,1
BRDA:28,0,1,4
BRDA:32,1,0,3
BRDA:36,2,0,3
BRDA:36,2,1,1
BRDA:79,3,0,0
BRDA:79,3,1,4
BRDA:87,4,0,1
BRDA:87,4,1,3
BRDA:93,5,0,1
BRDA:93,5,1,2
BRDA:141,6,0,0
BRDA:141,6,1,0
BRDA:149,7,0,0
BRDA:149,7,1,0
BRDA:154,8,0,0
BRDA:154,8,1,0
BRDA:160,9,0,0
BRDA:160,9,1,0
BRDA:167,10,0,0
BRDA:167,10,1,0
BRF:21
BRH:10
end_of_record
TN:
SF:routes/jobs.js
FN:28,(anonymous_0)
FN:102,(anonymous_1)
FN:134,(anonymous_2)
FN:183,(anonymous_3)
FN:282,(anonymous_4)
FNF:5
FNH:2
FNDA:3,(anonymous_0)
FNDA:2,(anonymous_1)
FNDA:0,(anonymous_2)
FNDA:0,(anonymous_3)
FNDA:0,(anonymous_4)
DA:1,2
DA:2,2
DA:3,2
DA:4,2
DA:6,2
DA:9,2
DA:21,2
DA:29,3
DA:30,3
DA:31,3
DA:32,0
DA:35,3
DA:36,3
DA:39,3
DA:40,3
DA:42,3
DA:43,1
DA:44,1
DA:47,3
DA:48,1
DA:49,1
DA:52,3
DA:53,0
DA:54,0
DA:57,3
DA:58,0
DA:59,0
DA:60,3
DA:62,3
DA:63,3
DA:66,3
DA:69,3
DA:75,3
DA:85,3
DA:96,0
DA:97,0
DA:102,2
DA:103,2
DA:104,2
DA:106,2
DA:114,2
DA:115,2
DA:119,0
DA:120,0
DA:121,0
DA:125,0
DA:128,0
DA:129,0
DA:134,2
DA:135,0
DA:136,0
DA:137,0
DA:138,0
DA:150,0
DA:153,0
DA:154,0
DA:157,0
DA:163,0
DA:171,0
DA:177,0
DA:178,0
DA:183,2
DA:184,0
DA:185,0
DA:186,0
DA:187,0
DA:190,0
DA:200,0
DA:203,0
DA:204,0
DA:205,0
DA:209,0
DA:210,0
DA:214,0
DA:215,0
DA:217,0
DA:218,0
DA:219,0
DA:221,0
DA:222,0
DA:223,0
DA:225,0
DA:226,0
DA:227,0
DA:229,0
DA:230,0
DA:231,0
DA:233,0
DA:234,0
DA:235,0
DA:237,0
DA:238,0
DA:239,0
DA:241,0
DA:242,0
DA:243,0
DA:245,0
DA:246,0
DA:247,0
DA:250,0
DA:251,0
DA:254,0
DA:255,0
DA:257,0
DA:262,0
DA:270,0
DA:276,0
DA:277,0
DA:282,2
DA:283,0
DA:284,0
DA:287,0
DA:288,0
DA:289,0
DA:293,0
DA:294,0
DA:295,0
DA:300,0
DA:302,0
DA:305,0
DA:306,0
DA:310,2
LF:122
LH:39
BRDA:31,0,0,0
BRDA:31,0,1,3
BRDA:35,1,0,3
BRDA:35,2,0,3
BRDA:42,3,0,1
BRDA:42,3,1,2
BRDA:47,4,0,1
BRDA:47,4,1,2
BRDA:52,5,0,0
BRDA:52,5,1,3
BRDA:57,6,0,0
BRDA:57,6,1,3
BRDA:60,7,0,3
BRDA:60,7,1,0
BRDA:60,8,0,3
BRDA:60,8,1,0
BRDA:66,9,0,3
BRDA:66,9,1,0
BRDA:114,10,0,2
BRDA:114,10,1,0
BRDA:119,11,0,0
BRDA:119,11,1,0
BRDA:119,12,0,0
BRDA:119,12,1,0
BRDA:120,13,0,0
BRDA:120,13,1,0
BRDA:137,14,0,0
BRDA:137,14,1,0
BRDA:148,15,0,0
BRDA:149,16,0,0
BRDA:153,17,0,0
BRDA:153,17,1,0
BRDA:153,18,0,0
BRDA:153,18,1,0
BRDA:153,18,2,0
BRDA:186,19,0,0
BRDA:186,19,1,0
BRDA:204,20,0,0
BRDA:204,20,1,0
BRDA:209,21,0,0
BRDA:209,21,1,0
BRDA:209,22,0,0
BRDA:209,22,1,0
BRDA:209,22,2,0
BRDA:217,23,0,0
BRDA:217,23,1,0
BRDA:217,24,0,0
BRDA:217,24,1,0
BRDA:221,25,0,0
BRDA:221,25,1,0
BRDA:221,26,0,0
BRDA:221,26,1,0
BRDA:225,27,0,0
BRDA:225,27,1,0
BRDA:225,28,0,0
BRDA:225,28,1,0
BRDA:229,29,0,0
BRDA:229,29,1,0
BRDA:229,30,0,0
BRDA:229,30,1,0
BRDA:233,31,0,0
BRDA:233,31,1,0
BRDA:233,32,0,0
BRDA:233,32,1,0
BRDA:237,33,0,0
BRDA:237,33,1,0
BRDA:237,34,0,0
BRDA:237,34,1,0
BRDA:241,35,0,0
BRDA:241,35,1,0
BRDA:241,36,0,0
BRDA:241,36,1,0
BRDA:245,37,0,0
BRDA:245,37,1,0
BRDA:245,38,0,0
BRDA:245,38,1,0
BRDA:250,39,0,0
BRDA:250,39,1,0
BRDA:288,40,0,0
BRDA:288,40,1,0
BRDA:294,41,0,0
BRDA:294,41,1,0
BRF:82
BRH:13
end_of_record
